UserSimulator started. Runtime 32 seconds
Iteration #1. Runtime 32 seconds
Nodes Selected: The following randomly selected Users will Create actions.
7499 20396 34069 12309 35589 13279 25123 33350 28599 27757 24789 988 34551 26397 26626 34206 11558 29773 14506 4145 13454 1452 30561 3851 18947 
34730 6444 9299 22757 1203 33159 18637 20287 30402 21323 17756 12986 18715 20985 9035 2561 31373 504 25018 8377 7309 2397 6471 3071 12939 
11908 22645 24846 32141 913 10832 425 18576 27697 1078 1667 27712 27288 14714 27376 36514 34337 23926 35392 17444 17779 26905 1083 17581 20535 
26169 31479 28231 22144 33967 21087 20652 19596 28900 1794 9688 18278 3632 34561 20896 31837 23745 25709 10087 15316 5452 11651 23797 8750 16411 
Iteration #2. Runtime 34 seconds
Nodes Selected: The following randomly selected Users will Create actions.
34626 25103 6882 6452 25702 31260 8876 25446 34326 37555 24121 35997 15533 16069 10846 2661 18364 30058 18795 35393 27931 23900 6873 37557 13545 
21245 4854 23857 9153 24685 21884 17056 15037 25725 25604 19760 8517 15811 12320 32470 30046 33845 20589 5927 19959 28981 12249 13941 13585 17382 
26856 34863 35580 20782 35841 37062 21216 32559 21453 12128 12056 18997 20841 17517 6207 33460 12585 30316 32360 27076 1909 21104 24621 11100 7119 
36783 4970 25371 8775 26689 6561 37619 4431 16037 18825 15516 35587 685 14452 36010 14485 24646 36246 7054 29473 16287 8834 9334 9185 25071 
Iteration #3. Runtime 36 seconds
Nodes Selected: The following randomly selected Users will Create actions.
19569 17422 1855 7690 36524 1663 35027 12043 28825 17422 23144 18759 32247 8759 36216 25257 26515 2437 33336 7255 17263 18356 4894 12874 7321 
23312 25421 17586 36014 13625 6037 14736 36966 36944 583 2961 25015 20833 10718 30917 33436 22313 19678 5852 26686 9676 19136 35796 14065 228 
37514 32279 34071 15507 36834 35139 32886 16219 34352 31708 5429 30730 33749 1306 15916 8093 35278 31000 4395 27650 3338 33228 16023 33248 2787 
33742 30711 7906 12444 30196 8738 21369 26267 2805 8569 36727 10191 26721 34567 23134 35146 5924 29734 22817 15577 18251 20723 21844 4327 11422 
Iteration #4. Runtime 39 seconds
Nodes Selected: The following randomly selected Users will Create actions.
30842 18295 20659 3870 22771 36855 10768 22813 15227 36192 9176 17210 2899 6405 5576 34765 14414 27394 14368 19095 8052 5521 7544 27929 28963 
23656 21755 2040 2963 10914 8377 3889 9629 11521 6188 14236 1877 7982 9088 35460 12015 33908 33211 8484 28599 37592 10100 19695 29484 36817 
35115 451 18724 27581 14601 3112 22426 834 6917 36257 1041 30524 25326 13420 23641 29947 5118 18393 23696 20331 33668 1086 4340 22597 33138 
35990 17250 23574 5925 31149 2052 25319 30338 6651 35487 36888 24507 32255 19551 18823 20682 14583 17932 14959 18887 5201 20657 8720 15235 20833 
Iteration #5. Runtime 41 seconds
Nodes Selected: The following randomly selected Users will Create actions.
35014 22787 28017 27421 2754 14982 17286 12592 25394 34419 18472 22773 6282 15022 5405 33404 15625 28831 1810 11772 27083 32488 21369 21706 29204 
2581 31525 28359 26242 34492 11065 8697 17222 5757 19689 30044 33194 25841 3822 19849 5046 8488 24963 13549 4934 2461 13417 18889 3608 32972 
16862 25514 31 14805 21846 7959 17225 35633 13372 12941 16942 1088 16929 14990 6061 9679 8246 20749 6060 35606 25697 20521 12901 320 7036 
4228 10699 36251 31075 14534 9908 30153 1383 36837 300 36775 23746 18844 36605 28603 4330 13557 9761 5501 27992 32322 30090 24726 2019 25150 
Iteration #6. Runtime 43 seconds
Nodes Selected: The following randomly selected Users will Create actions.
2904 6951 32569 14486 3004 36793 10121 10690 14896 2170 12447 29371 21858 29946 19748 5162 16402 18315 18467 1564 30462 34150 4543 13027 11556 
24991 28705 19138 17434 2517 5662 29078 28886 815 31151 20565 16967 37101 5054 30029 2969 5831 27024 22553 7830 21456 29050 11997 13624 20250 
11270 22961 24797 7198 31154 37118 3640 1055 1562 24622 1655 24152 32637 32142 19164 24660 28685 16281 1203 3854 3061 24023 8042 20479 34571 
9307 35790 3992 29860 27271 13016 24819 16482 8334 6439 14834 7958 30602 5395 25563 13452 943 4380 28664 13943 37586 16602 31025 27826 4830 
Iteration #7. Runtime 45 seconds
Nodes Selected: The following randomly selected Users will Create actions.
14638 26161 17381 25862 34812 29139 14212 19943 6014 7181 32794 23199 30691 24075 29925 32797 36669 8816 1984 31937 26258 11047 34929 13823 8116 
16172 26529 22947 34266 34092 7715 3871 12746 1575 15322 32856 27502 2548 25575 23509 33443 21167 32983 17130 25236 6005 11407 24695 14536 35393 
34066 15012 25908 24533 7620 35168 22354 33211 19269 15520 30264 16486 31795 10715 16311 17094 15642 11034 18172 7365 6858 34918 37594 32013 17081 
33636 17864 7606 31592 22203 19421 21684 17604 31430 31262 27738 5190 28569 18686 36813 14163 9244 365 2803 21826 4407 28678 5915 767 29817 
Iteration #8. Runtime 47 seconds
Nodes Selected: The following randomly selected Users will Create actions.
22763 23881 23073 22383 7739 29966 30510 21381 31169 9975 27277 11415 36400 28040 26854 12148 37542 16450 30071 23356 12405 15283 702 34373 15532 
22523 3391 23970 20007 20009 31622 37185 577 22936 10269 3339 22630 23191 8640 23878 4637 23448 5032 681 9465 17894 27803 5020 5622 16141 
24804 7111 20334 11866 37119 26493 2896 34310 1547 36395 745 25094 1209 4358 32870 20844 24761 3643 36766 21895 26085 16704 36455 8509 7726 
37666 3426 25055 21077 5093 35198 37540 21256 22985 16717 23056 25024 11713 10321 13256 2434 28756 14192 12575 27023 35415 28177 5982 19136 4260 
Iteration #9. Runtime 49 seconds
Nodes Selected: The following randomly selected Users will Create actions.
37406 26730 2239 37293 33054 3215 18273 27549 8512 29658 20693 17775 13014 29138 18987 10582 34939 19985 35219 5850 23783 5175 21447 26257 26682 
33004 18290 24143 7664 26211 9653 8324 22122 19644 34689 17316 24202 4032 23898 14469 17792 33102 7445 30868 31384 11321 7168 25790 19434 12705 
7232 10627 7631 1871 29654 6545 17763 37099 30144 21429 26554 3656 27040 11575 14133 24587 3415 13721 19828 10555 21475 6797 7504 33239 35176 
17958 34576 33944 31262 11585 21460 14429 16139 23177 14714 12349 31582 25466 24623 19589 17770 28712 14189 5206 20656 15820 27321 27766 4896 16799 
Iteration #10. Runtime 51 seconds
Nodes Selected: The following randomly selected Users will Create actions.
30121 6664 34544 37643 27084 19240 5605 4825 23665 15705 3897 22060 14032 17751 2657 31241 37128 33446 32570 30355 2526 34855 20921 11817 3310 
26689 27909 21071 4279 8953 32343 4856 14765 16225 18803 740 35093 27397 23372 16361 9941 8586 31760 26419 36737 30430 28833 29172 33592 23499 
6826 22860 24153 33678 25184 36644 16737 31701 7970 28368 7552 24830 19038 27966 10540 10297 13103 27041 8283 25296 4010 12920 35168 6122 31366 
32875 28055 14533 17616 27055 24395 16396 14681 13485 3558 35239 14477 22472 27270 20658 28707 26449 20157 25015 9416 27637 5667 18136 2275 17741 
